[      95ms] ReferenceError: $ is not defined
    at http://localhost:3000/assets/application.debug-58134f3e7b4a308a1517b306c8eee82eae54412a94bd3af97e9d427f3ddc22ec.js:743:3
    at http://localhost:3000/assets/application.debug-58134f3e7b4a308a1517b306c8eee82eae54412a94bd3af97e9d427f3ddc22ec.js:767:4
[      95ms] ReferenceError: $ is not defined
    at http://localhost:3000/:42:126
[    8562ms] ReferenceError: $ is not defined
    at http://localhost:3000/assets/application.debug-58134f3e7b4a308a1517b306c8eee82eae54412a94bd3af97e9d427f3ddc22ec.js:743:3
    at http://localhost:3000/assets/application.debug-58134f3e7b4a308a1517b306c8eee82eae54412a94bd3af97e9d427f3ddc22ec.js:767:4
[    8563ms] ReferenceError: $ is not defined
    at http://localhost:3000/pages/about:39:126
[    9609ms] ReferenceError: $ is not defined
    at http://localhost:3000/assets/application.debug-58134f3e7b4a308a1517b306c8eee82eae54412a94bd3af97e9d427f3ddc22ec.js:743:3
    at http://localhost:3000/assets/application.debug-58134f3e7b4a308a1517b306c8eee82eae54412a94bd3af97e9d427f3ddc22ec.js:767:4
[    9609ms] ReferenceError: $ is not defined
    at http://localhost:3000/:42:126
[   10395ms] ReferenceError: $ is not defined
    at http://localhost:3000/assets/application.debug-58134f3e7b4a308a1517b306c8eee82eae54412a94bd3af97e9d427f3ddc22ec.js:743:3
    at http://localhost:3000/assets/application.debug-58134f3e7b4a308a1517b306c8eee82eae54412a94bd3af97e9d427f3ddc22ec.js:767:4
[   10395ms] ReferenceError: $ is not defined
    at http://localhost:3000/pages/about:39:126
[   11003ms] ReferenceError: $ is not defined
    at http://localhost:3000/assets/application.debug-58134f3e7b4a308a1517b306c8eee82eae54412a94bd3af97e9d427f3ddc22ec.js:743:3
    at http://localhost:3000/assets/application.debug-58134f3e7b4a308a1517b306c8eee82eae54412a94bd3af97e9d427f3ddc22ec.js:767:4
[   11003ms] ReferenceError: $ is not defined
    at http://localhost:3000/:42:126
